2021-03-30 09:04:04,892 [9] ERROR My_Information.KakaoMap.KakaoMapView - place_name_SelectionChanged에서 오류 발생
2021-03-30 09:04:07,203 [9] ERROR My_Information.KakaoMap.KakaoMapView - place_name_SelectionChanged에서 오류 발생
2021-04-05 15:11:11,907 [10] ERROR My_Information.KakaoMap.KakaoMapView - place_name_SelectionChanged에서 오류 발생
2021-04-05 15:12:37,080 [10] ERROR My_Information.KakaoMap.KakaoMapView - place_name_SelectionChanged에서 오류 발생
2021-04-05 15:12:38,612 [10] ERROR My_Information.KakaoMap.KakaoMapView - place_name_SelectionChanged에서 오류 발생
2021-04-08 13:49:27,965 [9] ERROR My_Information.Dals.ScheuleDals - Update에서 오류 발생
2021-04-08 13:50:49,866 [8] ERROR My_Information.Dals.ScheuleDals - Update에서 오류 발생
2021-04-08 14:01:43,979 [8] ERROR My_Information.Dals.ScheuleDals - Update에서 오류 발생
2021-04-08 14:06:33,019 [8] ERROR My_Information.ViewModel.ScheuleViewModel - dayselect에서 오류 발생
2021-04-08 14:06:44,243 [8] ERROR My_Information.Dals.ScheuleDals - Insert에서 오류 발생
2021-04-08 15:16:12,648 [10] ERROR My_Information.Dals.AllDeleteDals - Delete에서 오류 발생
2021-04-08 15:16:13,442 [10] ERROR My_Information.ViewModel.AdminViewModel - dbResetClick에서 오류 발생
2021-04-08 15:17:29,921 [9] ERROR My_Information.Dals.AllDeleteDals - Delete에서 오류 발생
2021-04-08 15:17:30,664 [9] ERROR My_Information.ViewModel.AdminViewModel - dbResetClick에서 오류 발생
2021-04-08 15:17:53,876 [10] ERROR My_Information.Dals.AllDeleteDals - Delete에서 오류 발생
2021-04-08 15:17:54,409 [10] ERROR My_Information.ViewModel.AdminViewModel - dbResetClick에서 오류 발생
2021-04-08 15:18:17,735 [10] ERROR My_Information.Dals.AllDeleteDals - Delete에서 오류 발생
2021-04-08 15:33:49,717 [9] ERROR My_Information.KakaoMap.KakaoMapView - lbox_button_Click2에서 오류 발생
2021-04-08 15:43:43,348 [9] ERROR My_Information.App - usersel에서 오류 발생
2021-04-08 15:43:51,126 [10] ERROR My_Information.App - usersel에서 오류 발생
2021-04-08 15:45:17,057 [10] ERROR My_Information.Dals.JoinDals - JoinDals에서 오류 발생
2021-04-08 17:12:46,573 [10] ERROR My_Information.Dals.JoinDals - JoinDals에서 오류 발생
2021-04-08 17:54:48,660 [10] ERROR My_Information.KakaoMap.KakaoMapView - place_name_SelectionChanged에서 오류 발생
2021-04-08 17:54:53,582 [10] ERROR My_Information.KakaoMap.KakaoMapView - lbox_button_Click2에서 오류 발생
2021-04-08 17:54:54,913 [10] ERROR My_Information.KakaoMap.KakaoMapView - lbox_button_Click2에서 오류 발생
2021-04-08 17:54:55,868 [10] ERROR My_Information.KakaoMap.KakaoMapView - lbox_button_Click2에서 오류 발생
2021-04-08 17:54:57,087 [10] ERROR My_Information.KakaoMap.KakaoMapView - place_name_SelectionChanged에서 오류 발생
2021-04-08 17:54:59,966 [10] ERROR My_Information.KakaoMap.KakaoMapView - place_name_SelectionChanged에서 오류 발생
2021-04-08 17:55:02,361 [10] ERROR My_Information.KakaoMap.KakaoMapView - place_name_SelectionChanged에서 오류 발생
2021-04-08 17:55:06,204 [10] ERROR My_Information.KakaoMap.KakaoMapView - place_name_SelectionChanged에서 오류 발생
2021-04-12 14:50:39,232 [10] ERROR My_Information.App - usersel에서 오류 발생
2021-04-13 14:12:21,792 [10] ERROR My_Information.KakaoMap.KakaoMapView - place_name_SelectionChanged에서 오류 발생
2021-04-13 14:12:29,171 [10] ERROR My_Information.KakaoMap.KakaoMapView - place_name_SelectionChanged에서 오류 발생
2021-04-13 14:12:32,000 [10] ERROR My_Information.KakaoMap.KakaoMapView - place_name_SelectionChanged에서 오류 발생
2021-04-14 17:20:39,513 [10] ERROR My_Information.Dals.ScheuleDals - Update에서 오류 발생
2021-04-14 17:20:41,544 [10] ERROR My_Information.Dals.ScheuleDals - Insert에서 오류 발생
2021-04-14 17:20:43,939 [10] ERROR My_Information.Dals.ScheuleDals - Delete에서 오류 발생
2021-04-14 17:20:47,053 [10] ERROR My_Information.Dals.ScheuleDals - Update에서 오류 발생
